0 info it worked if it ends with ok
1 verbose cli [ '/usr/local/bin/node', '/usr/local/bin/npm', 'install' ]
2 info using npm@2.15.8
3 info using node@v4.4.7
4 verbose readDependencies loading dependencies from /Users/feizheng/github/generator-ushell-module/package.json
5 verbose install where, deps [ '/Users/feizheng/github/generator-ushell-module',
5 verbose install   [ 'chalk',
5 verbose install     'next-js-core2',
5 verbose install     'yeoman-generator',
5 verbose install     'yeoman-generator-helper',
5 verbose install     'yosay',
5 verbose install     'yeoman-test',
5 verbose install     'yeoman-assert',
5 verbose install     'eslint',
5 verbose install     'eslint-config-xo-space',
5 verbose install     'gulp',
5 verbose install     'gulp-eslint',
5 verbose install     'gulp-exclude-gitignore',
5 verbose install     'gulp-line-ending-corrector',
5 verbose install     'gulp-istanbul',
5 verbose install     'gulp-mocha',
5 verbose install     'gulp-plumber',
5 verbose install     'gulp-nsp' ] ]
6 verbose install where, peers [ '/Users/feizheng/github/generator-ushell-module', [] ]
7 verbose installManyTop reading for lifecycle /Users/feizheng/github/generator-ushell-module/package.json
8 info preinstall generator-ushell-module@0.0.0
9 verbose installManyTop reading scoped package data from /Users/feizheng/github/generator-ushell-module/node_modules/chalk/package.json
10 verbose installManyTop reading scoped package data from /Users/feizheng/github/generator-ushell-module/node_modules/eslint/package.json
11 verbose installManyTop reading scoped package data from /Users/feizheng/github/generator-ushell-module/node_modules/eslint-config-xo-space/package.json
12 verbose installManyTop reading scoped package data from /Users/feizheng/github/generator-ushell-module/node_modules/gulp/package.json
13 verbose installManyTop reading scoped package data from /Users/feizheng/github/generator-ushell-module/node_modules/gulp-eslint/package.json
14 verbose installManyTop reading scoped package data from /Users/feizheng/github/generator-ushell-module/node_modules/gulp-exclude-gitignore/package.json
15 verbose installManyTop reading scoped package data from /Users/feizheng/github/generator-ushell-module/node_modules/gulp-istanbul/package.json
16 verbose installManyTop reading scoped package data from /Users/feizheng/github/generator-ushell-module/node_modules/gulp-line-ending-corrector/package.json
17 verbose installManyTop reading scoped package data from /Users/feizheng/github/generator-ushell-module/node_modules/gulp-mocha/package.json
18 verbose installManyTop reading scoped package data from /Users/feizheng/github/generator-ushell-module/node_modules/gulp-nsp/package.json
19 verbose installManyTop reading scoped package data from /Users/feizheng/github/generator-ushell-module/node_modules/gulp-plumber/package.json
20 verbose installManyTop reading scoped package data from /Users/feizheng/github/generator-ushell-module/node_modules/next-js-core2/package.json
21 verbose installManyTop reading scoped package data from /Users/feizheng/github/generator-ushell-module/node_modules/yeoman-assert/package.json
22 verbose installManyTop reading scoped package data from /Users/feizheng/github/generator-ushell-module/node_modules/yeoman-generator/package.json
23 verbose installManyTop reading scoped package data from /Users/feizheng/github/generator-ushell-module/node_modules/yeoman-test/package.json
24 verbose installManyTop reading scoped package data from /Users/feizheng/github/generator-ushell-module/node_modules/yosay/package.json
25 verbose readDependencies loading dependencies from /Users/feizheng/github/generator-ushell-module/package.json
26 verbose targetResolver reading package data from /Users/feizheng/github/generator-ushell-module/node_modules/chalk/package.json
27 verbose targetResolver reading package data from /Users/feizheng/github/generator-ushell-module/node_modules/eslint/package.json
28 verbose targetResolver reading package data from /Users/feizheng/github/generator-ushell-module/node_modules/eslint-config-xo-space/package.json
29 verbose targetResolver reading package data from /Users/feizheng/github/generator-ushell-module/node_modules/gulp/package.json
30 verbose targetResolver reading package data from /Users/feizheng/github/generator-ushell-module/node_modules/gulp-eslint/package.json
31 verbose targetResolver reading package data from /Users/feizheng/github/generator-ushell-module/node_modules/gulp-exclude-gitignore/package.json
32 verbose targetResolver reading package data from /Users/feizheng/github/generator-ushell-module/node_modules/gulp-istanbul/package.json
33 verbose targetResolver reading package data from /Users/feizheng/github/generator-ushell-module/node_modules/gulp-line-ending-corrector/package.json
34 verbose targetResolver reading package data from /Users/feizheng/github/generator-ushell-module/node_modules/gulp-mocha/package.json
35 verbose targetResolver reading package data from /Users/feizheng/github/generator-ushell-module/node_modules/gulp-nsp/package.json
36 verbose targetResolver reading package data from /Users/feizheng/github/generator-ushell-module/node_modules/gulp-plumber/package.json
37 verbose targetResolver reading package data from /Users/feizheng/github/generator-ushell-module/node_modules/next-js-core2/package.json
38 verbose targetResolver reading package data from /Users/feizheng/github/generator-ushell-module/node_modules/yeoman-assert/package.json
39 verbose targetResolver reading package data from /Users/feizheng/github/generator-ushell-module/node_modules/yeoman-generator/package.json
40 verbose targetResolver reading package data from /Users/feizheng/github/generator-ushell-module/node_modules/yeoman-test/package.json
41 verbose targetResolver reading package data from /Users/feizheng/github/generator-ushell-module/node_modules/yosay/package.json
42 verbose targetResolver reading package data from /Users/feizheng/github/generator-ushell-module/node_modules/.bin/eslint/package.json
43 verbose targetResolver reading package data from /Users/feizheng/github/generator-ushell-module/node_modules/.bin/gulp/package.json
44 verbose targetResolver reading package data from /Users/feizheng/github/generator-ushell-module/node_modules/.bin/yosay/package.json
45 verbose already installed skipping eslint@^3.1.1 /Users/feizheng/github/generator-ushell-module
46 verbose already installed skipping eslint-config-xo-space@^0.14.0 /Users/feizheng/github/generator-ushell-module
47 verbose already installed skipping gulp@^3.9.0 /Users/feizheng/github/generator-ushell-module
48 verbose already installed skipping gulp-eslint@^2.0.0 /Users/feizheng/github/generator-ushell-module
49 verbose already installed skipping gulp-exclude-gitignore@^1.0.0 /Users/feizheng/github/generator-ushell-module
50 verbose already installed skipping gulp-line-ending-corrector@^1.0.1 /Users/feizheng/github/generator-ushell-module
51 verbose already installed skipping gulp-istanbul@^1.0.0 /Users/feizheng/github/generator-ushell-module
52 verbose already installed skipping gulp-mocha@^2.0.0 /Users/feizheng/github/generator-ushell-module
53 verbose already installed skipping gulp-plumber@^1.0.0 /Users/feizheng/github/generator-ushell-module
54 verbose already installed skipping gulp-nsp@^2.1.0 /Users/feizheng/github/generator-ushell-module
55 verbose already installed skipping chalk@^1.0.0 /Users/feizheng/github/generator-ushell-module
56 silly cache add args [ 'next-js-core2@github:afeiship/next-js-core2', null ]
57 verbose cache add spec next-js-core2@github:afeiship/next-js-core2
58 verbose already installed skipping yeoman-generator@^0.23.0 /Users/feizheng/github/generator-ushell-module
59 silly cache add args [ 'yeoman-generator-helper@github:afeiship/yeoman-generator-helper',
59 silly cache add   null ]
60 verbose cache add spec yeoman-generator-helper@github:afeiship/yeoman-generator-helper
61 silly cache add parsed spec Result {
61 silly cache add   raw: 'next-js-core2@github:afeiship/next-js-core2',
61 silly cache add   scope: null,
61 silly cache add   name: 'next-js-core2',
61 silly cache add   rawSpec: 'github:afeiship/next-js-core2',
61 silly cache add   spec: 'github:afeiship/next-js-core2',
61 silly cache add   type: 'hosted',
61 silly cache add   hosted:
61 silly cache add    { type: 'github',
61 silly cache add      ssh: 'git@github.com:afeiship/next-js-core2.git',
61 silly cache add      sshUrl: 'git+ssh://git@github.com/afeiship/next-js-core2.git',
61 silly cache add      httpsUrl: 'git+https://github.com/afeiship/next-js-core2.git',
61 silly cache add      gitUrl: 'git://github.com/afeiship/next-js-core2.git',
61 silly cache add      shortcut: 'github:afeiship/next-js-core2',
61 silly cache add      directUrl: 'https://raw.githubusercontent.com/afeiship/next-js-core2/master/package.json' } }
62 verbose addRemoteGit caching github:afeiship/next-js-core2
63 verbose addRemoteGit afeiship/next-js-core2 is a repository hosted by github
64 silly tryGitProto attempting to clone git://github.com/afeiship/next-js-core2.git
65 silly tryClone cloning afeiship/next-js-core2 via git://github.com/afeiship/next-js-core2.git
66 verbose tryClone git-github-com-afeiship-next-js-core2-git-e8cfe7b0 not in flight; caching
67 verbose correctMkdir /Users/feizheng/.npm/_git-remotes correctMkdir not in flight; initializing
68 silly cache add parsed spec Result {
68 silly cache add   raw: 'yeoman-generator-helper@github:afeiship/yeoman-generator-helper',
68 silly cache add   scope: null,
68 silly cache add   name: 'yeoman-generator-helper',
68 silly cache add   rawSpec: 'github:afeiship/yeoman-generator-helper',
68 silly cache add   spec: 'github:afeiship/yeoman-generator-helper',
68 silly cache add   type: 'hosted',
68 silly cache add   hosted:
68 silly cache add    { type: 'github',
68 silly cache add      ssh: 'git@github.com:afeiship/yeoman-generator-helper.git',
68 silly cache add      sshUrl: 'git+ssh://git@github.com/afeiship/yeoman-generator-helper.git',
68 silly cache add      httpsUrl: 'git+https://github.com/afeiship/yeoman-generator-helper.git',
68 silly cache add      gitUrl: 'git://github.com/afeiship/yeoman-generator-helper.git',
68 silly cache add      shortcut: 'github:afeiship/yeoman-generator-helper',
68 silly cache add      directUrl: 'https://raw.githubusercontent.com/afeiship/yeoman-generator-helper/master/package.json' } }
69 verbose addRemoteGit caching github:afeiship/yeoman-generator-helper
70 verbose addRemoteGit afeiship/yeoman-generator-helper is a repository hosted by github
71 silly tryGitProto attempting to clone git://github.com/afeiship/yeoman-generator-helper.git
72 silly tryClone cloning afeiship/yeoman-generator-helper via git://github.com/afeiship/yeoman-generator-helper.git
73 verbose tryClone git-github-com-afeiship-yeoman-generator-helper-git-aadd294d not in flight; caching
74 verbose correctMkdir /Users/feizheng/.npm/_git-remotes correctMkdir already in flight; waiting
75 verbose already installed skipping yosay@^1.0.0 /Users/feizheng/github/generator-ushell-module
76 verbose already installed skipping yeoman-test@^1.0.0 /Users/feizheng/github/generator-ushell-module
77 verbose already installed skipping yeoman-assert@^2.0.0 /Users/feizheng/github/generator-ushell-module
78 info git [ 'config', '--get', 'remote.origin.url' ]
79 info git [ 'config', '--get', 'remote.origin.url' ]
80 silly validateExistingRemote afeiship/yeoman-generator-helper remote.origin.url: git://github.com/afeiship/yeoman-generator-helper.git
81 verbose validateExistingRemote afeiship/yeoman-generator-helper is updating existing cached remote /Users/feizheng/.npm/_git-remotes/git-github-com-afeiship-yeoman-generator-helper-git-aadd294d
82 silly validateExistingRemote afeiship/next-js-core2 remote.origin.url: git://github.com/afeiship/next-js-core2.git
83 verbose validateExistingRemote afeiship/next-js-core2 is updating existing cached remote /Users/feizheng/.npm/_git-remotes/git-github-com-afeiship-next-js-core2-git-e8cfe7b0
84 info git [ 'fetch', '-a', 'origin' ]
85 info git [ 'fetch', '-a', 'origin' ]
86 verbose updateRemote git fetch -a origin (git://github.com/afeiship/yeoman-generator-helper.git)
87 verbose correctMkdir /Users/feizheng/.npm/_git-remotes correctMkdir not in flight; initializing
88 verbose setPermissions afeiship/yeoman-generator-helper set permissions on /Users/feizheng/.npm/_git-remotes/git-github-com-afeiship-yeoman-generator-helper-git-aadd294d
89 verbose resolveHead afeiship/yeoman-generator-helper original treeish: master
90 info git [ 'rev-list', '-n1', 'master' ]
91 silly resolveHead afeiship/yeoman-generator-helper resolved treeish: e22521d65721b5e31dd0fa053540f8504213006d
92 verbose resolveHead afeiship/yeoman-generator-helper resolved Git URL: git://github.com/afeiship/yeoman-generator-helper.git#e22521d65721b5e31dd0fa053540f8504213006d
93 silly resolveHead Git working directory: /var/folders/p8/nyxdmp51067c9sm5qqpws8400000gn/T/npm-27676-a58e29d0/git-cache-85301edbb97e/e22521d65721b5e31dd0fa053540f8504213006d
94 info git [ 'clone',
94 info git   '/Users/feizheng/.npm/_git-remotes/git-github-com-afeiship-yeoman-generator-helper-git-aadd294d',
94 info git   '/var/folders/p8/nyxdmp51067c9sm5qqpws8400000gn/T/npm-27676-a58e29d0/git-cache-85301edbb97e/e22521d65721b5e31dd0fa053540f8504213006d' ]
95 verbose cloneResolved afeiship/yeoman-generator-helper clone Cloning into '/var/folders/p8/nyxdmp51067c9sm5qqpws8400000gn/T/npm-27676-a58e29d0/git-cache-85301edbb97e/e22521d65721b5e31dd0fa053540f8504213006d'...
95 verbose cloneResolved done.
96 info git [ 'checkout', 'e22521d65721b5e31dd0fa053540f8504213006d' ]
97 verbose checkoutTreeish afeiship/yeoman-generator-helper checkout Note: checking out 'e22521d65721b5e31dd0fa053540f8504213006d'.
97 verbose checkoutTreeish
97 verbose checkoutTreeish You are in 'detached HEAD' state. You can look around, make experimental
97 verbose checkoutTreeish changes and commit them, and you can discard any commits you make in this
97 verbose checkoutTreeish state without impacting any branches by performing another checkout.
97 verbose checkoutTreeish
97 verbose checkoutTreeish If you want to create a new branch to retain commits you create, you may
97 verbose checkoutTreeish do so (now or later) by using -b with the checkout command again. Example:
97 verbose checkoutTreeish
97 verbose checkoutTreeish   git checkout -b <new-branch-name>
97 verbose checkoutTreeish
97 verbose checkoutTreeish HEAD is now at e22521d... bugfix
98 verbose addLocalDirectory /Users/feizheng/.npm/yeoman-generator-helper/0.0.0/package.tgz not in flight; packing
99 verbose correctMkdir /Users/feizheng/.npm correctMkdir not in flight; initializing
100 verbose tar pack [ '/Users/feizheng/.npm/yeoman-generator-helper/0.0.0/package.tgz',
100 verbose tar pack   '/var/folders/p8/nyxdmp51067c9sm5qqpws8400000gn/T/npm-27676-a58e29d0/git-cache-85301edbb97e/e22521d65721b5e31dd0fa053540f8504213006d' ]
101 verbose tarball /Users/feizheng/.npm/yeoman-generator-helper/0.0.0/package.tgz
102 verbose folder /var/folders/p8/nyxdmp51067c9sm5qqpws8400000gn/T/npm-27676-a58e29d0/git-cache-85301edbb97e/e22521d65721b5e31dd0fa053540f8504213006d
103 verbose addLocalTarball adding from inside cache /Users/feizheng/.npm/yeoman-generator-helper/0.0.0/package.tgz
104 verbose correctMkdir /Users/feizheng/.npm correctMkdir not in flight; initializing
105 verbose addRemoteGit data._from: afeiship/yeoman-generator-helper
106 verbose addRemoteGit data._resolved: git://github.com/afeiship/yeoman-generator-helper.git#e22521d65721b5e31dd0fa053540f8504213006d
107 silly cache afterAdd yeoman-generator-helper@0.0.0
108 verbose afterAdd /Users/feizheng/.npm/yeoman-generator-helper/0.0.0/package/package.json not in flight; writing
109 verbose correctMkdir /Users/feizheng/.npm correctMkdir not in flight; initializing
110 verbose afterAdd /Users/feizheng/.npm/yeoman-generator-helper/0.0.0/package/package.json written
111 verbose updateRemote git fetch -a origin (git://github.com/afeiship/next-js-core2.git)
112 verbose correctMkdir /Users/feizheng/.npm/_git-remotes correctMkdir not in flight; initializing
113 verbose setPermissions afeiship/next-js-core2 set permissions on /Users/feizheng/.npm/_git-remotes/git-github-com-afeiship-next-js-core2-git-e8cfe7b0
114 verbose resolveHead afeiship/next-js-core2 original treeish: master
115 info git [ 'rev-list', '-n1', 'master' ]
116 silly resolveHead afeiship/next-js-core2 resolved treeish: 426c130b1fc05cd45a13325669424e1f4e58c429
117 verbose resolveHead afeiship/next-js-core2 resolved Git URL: git://github.com/afeiship/next-js-core2.git#426c130b1fc05cd45a13325669424e1f4e58c429
118 silly resolveHead Git working directory: /var/folders/p8/nyxdmp51067c9sm5qqpws8400000gn/T/npm-27676-a58e29d0/git-cache-fb50f7823a73/426c130b1fc05cd45a13325669424e1f4e58c429
119 info git [ 'clone',
119 info git   '/Users/feizheng/.npm/_git-remotes/git-github-com-afeiship-next-js-core2-git-e8cfe7b0',
119 info git   '/var/folders/p8/nyxdmp51067c9sm5qqpws8400000gn/T/npm-27676-a58e29d0/git-cache-fb50f7823a73/426c130b1fc05cd45a13325669424e1f4e58c429' ]
120 verbose cloneResolved afeiship/next-js-core2 clone Cloning into '/var/folders/p8/nyxdmp51067c9sm5qqpws8400000gn/T/npm-27676-a58e29d0/git-cache-fb50f7823a73/426c130b1fc05cd45a13325669424e1f4e58c429'...
120 verbose cloneResolved done.
121 info git [ 'checkout', '426c130b1fc05cd45a13325669424e1f4e58c429' ]
122 verbose checkoutTreeish afeiship/next-js-core2 checkout Note: checking out '426c130b1fc05cd45a13325669424e1f4e58c429'.
122 verbose checkoutTreeish
122 verbose checkoutTreeish You are in 'detached HEAD' state. You can look around, make experimental
122 verbose checkoutTreeish changes and commit them, and you can discard any commits you make in this
122 verbose checkoutTreeish state without impacting any branches by performing another checkout.
122 verbose checkoutTreeish
122 verbose checkoutTreeish If you want to create a new branch to retain commits you create, you may
122 verbose checkoutTreeish do so (now or later) by using -b with the checkout command again. Example:
122 verbose checkoutTreeish
122 verbose checkoutTreeish   git checkout -b <new-branch-name>
122 verbose checkoutTreeish
122 verbose checkoutTreeish HEAD is now at 426c130... add compact method
123 verbose addLocalDirectory /Users/feizheng/.npm/next-js-core2/1.0.15/package.tgz not in flight; packing
124 verbose correctMkdir /Users/feizheng/.npm correctMkdir not in flight; initializing
125 verbose tar pack [ '/Users/feizheng/.npm/next-js-core2/1.0.15/package.tgz',
125 verbose tar pack   '/var/folders/p8/nyxdmp51067c9sm5qqpws8400000gn/T/npm-27676-a58e29d0/git-cache-fb50f7823a73/426c130b1fc05cd45a13325669424e1f4e58c429' ]
126 verbose tarball /Users/feizheng/.npm/next-js-core2/1.0.15/package.tgz
127 verbose folder /var/folders/p8/nyxdmp51067c9sm5qqpws8400000gn/T/npm-27676-a58e29d0/git-cache-fb50f7823a73/426c130b1fc05cd45a13325669424e1f4e58c429
128 verbose addLocalTarball adding from inside cache /Users/feizheng/.npm/next-js-core2/1.0.15/package.tgz
129 verbose correctMkdir /Users/feizheng/.npm correctMkdir not in flight; initializing
130 verbose addRemoteGit data._from: afeiship/next-js-core2
131 verbose addRemoteGit data._resolved: git://github.com/afeiship/next-js-core2.git#426c130b1fc05cd45a13325669424e1f4e58c429
132 silly cache afterAdd next-js-core2@1.0.15
133 verbose afterAdd /Users/feizheng/.npm/next-js-core2/1.0.15/package/package.json not in flight; writing
134 verbose correctMkdir /Users/feizheng/.npm correctMkdir not in flight; initializing
135 verbose afterAdd /Users/feizheng/.npm/next-js-core2/1.0.15/package/package.json written
136 silly install resolved [ { name: 'yeoman-generator-helper',
136 silly install resolved     version: '0.0.0',
136 silly install resolved     description: 'Yeoman generator helper.',
136 silly install resolved     homepage: 'https://github.com/afeiship/yeoman-generator-helper',
136 silly install resolved     main: 'index.js',
136 silly install resolved     author: { name: 'afei', email: '1290657123@qq.com' },
136 silly install resolved     license: 'MIT',
136 silly install resolved     dependencies: { 'next-js-core2': 'github:afeiship/next-js-core2' },
136 silly install resolved     gitHead: 'e22521d65721b5e31dd0fa053540f8504213006d',
136 silly install resolved     readme: '#yeoman-generator-helper\nYeoman generator helper.\n',
136 silly install resolved     readmeFilename: 'README.MD',
136 silly install resolved     _id: 'yeoman-generator-helper@0.0.0',
136 silly install resolved     _shasum: '3312fc75a87900dfcaf385d705d31934d9b859f7',
136 silly install resolved     _from: 'afeiship/yeoman-generator-helper',
136 silly install resolved     _resolved: 'git://github.com/afeiship/yeoman-generator-helper.git#e22521d65721b5e31dd0fa053540f8504213006d' },
136 silly install resolved   { name: 'next-js-core2',
136 silly install resolved     version: '1.0.15',
136 silly install resolved     description: 'A javascript OOP toolkit for mobile.',
136 silly install resolved     main: 'dist/next-js-core2.js',
136 silly install resolved     scripts: { test: 'echo "Error: no test specified" && exit 1' },
136 silly install resolved     repository:
136 silly install resolved      { type: 'git',
136 silly install resolved        url: 'git+https://github.com/afeiship/next-js-core2.git' },
136 silly install resolved     keywords: [ 'OOP', 'next' ],
136 silly install resolved     author: { name: 'afei' },
136 silly install resolved     license: 'MIT',
136 silly install resolved     bugs: { url: 'https://github.com/afeiship/next-js-core2/issues' },
136 silly install resolved     homepage: 'https://github.com/afeiship/next-js-core2#readme',
136 silly install resolved     devDependencies:
136 silly install resolved      { amdrequire: '0.0.3',
136 silly install resolved        del: '^2.2.0',
136 silly install resolved        gulp: '^3.9.1',
136 silly install resolved        'gulp-concat': '^2.6.0',
136 silly install resolved        'gulp-filter': '^3.0.1',
136 silly install resolved        'gulp-rename': '^1.2.2',
136 silly install resolved        'gulp-uglify': '^1.5.3',
136 silly install resolved        'gulp-umd': '^0.2.0',
136 silly install resolved        mocha: '^2.4.5' },
136 silly install resolved     gitHead: '426c130b1fc05cd45a13325669424e1f4e58c429',
136 silly install resolved     readme: '##next-js-core2\nA javascript OOP toolkit for mobile.\n\n##install\n+ test:npm install mocha --save-dev\n+ build:npm install gulp del gulp-concat gulp-rename gulp-uglify gulp-umd gulp-filter --save-dev\n\n\n##test\n+ test base:mocha test/test_base.js\n+ test oop:mocha test/test_oop.js\n\n##log:\n+ [2015-12-01]:finish core refactor.\n+ [2016-04-03]:finish node & browser AMD implement.\n\n\n\n',
136 silly install resolved     readmeFilename: 'README.MD',
136 silly install resolved     _id: 'next-js-core2@1.0.15',
136 silly install resolved     _shasum: '715aca44cd3076cef1cc2188cb9b641ad531dbc0',
136 silly install resolved     _from: 'afeiship/next-js-core2',
136 silly install resolved     _resolved: 'git://github.com/afeiship/next-js-core2.git#426c130b1fc05cd45a13325669424e1f4e58c429' } ]
137 info install yeoman-generator-helper@0.0.0 into /Users/feizheng/github/generator-ushell-module
138 info install next-js-core2@1.0.15 into /Users/feizheng/github/generator-ushell-module
139 info installOne yeoman-generator-helper@0.0.0
140 verbose installOne of yeoman-generator-helper to /Users/feizheng/github/generator-ushell-module not in flight; installing
141 verbose correctMkdir /Users/feizheng/.npm/_locks correctMkdir not in flight; initializing
142 info installOne next-js-core2@1.0.15
143 verbose installOne of next-js-core2 to /Users/feizheng/github/generator-ushell-module not in flight; installing
144 verbose correctMkdir /Users/feizheng/.npm/_locks correctMkdir already in flight; waiting
145 verbose lock using /Users/feizheng/.npm/_locks/yeoman-generator-helper-926a82ede845c358.lock for /Users/feizheng/github/generator-ushell-module/node_modules/yeoman-generator-helper
146 verbose lock using /Users/feizheng/.npm/_locks/next-js-core2-0a9f58ccfca7e1a3.lock for /Users/feizheng/github/generator-ushell-module/node_modules/next-js-core2
147 silly install write writing yeoman-generator-helper 0.0.0 to /Users/feizheng/github/generator-ushell-module/node_modules/yeoman-generator-helper
148 silly install write writing next-js-core2 1.0.15 to /Users/feizheng/github/generator-ushell-module/node_modules/next-js-core2
149 verbose unbuild node_modules/yeoman-generator-helper
150 verbose unbuild node_modules/next-js-core2
151 silly gentlyRm /Users/feizheng/github/generator-ushell-module/node_modules/yeoman-generator-helper is being purged from base /Users/feizheng/github/generator-ushell-module
152 verbose gentlyRm don't care about contents; nuking /Users/feizheng/github/generator-ushell-module/node_modules/yeoman-generator-helper
153 verbose tar unpack /Users/feizheng/.npm/yeoman-generator-helper/0.0.0/package.tgz
154 verbose tar unpacking to /Users/feizheng/github/generator-ushell-module/node_modules/yeoman-generator-helper
155 silly gentlyRm /Users/feizheng/github/generator-ushell-module/node_modules/yeoman-generator-helper is being purged
156 verbose gentlyRm don't care about contents; nuking /Users/feizheng/github/generator-ushell-module/node_modules/yeoman-generator-helper
157 silly gunzTarPerm modes [ '755', '644' ]
158 info preuninstall next-js-core2@1.0.15
159 info uninstall next-js-core2@1.0.15
160 verbose unbuild rmStuff next-js-core2@1.0.15 from /Users/feizheng/github/generator-ushell-module/node_modules
161 info postuninstall next-js-core2@1.0.15
162 silly gunzTarPerm extractEntry package.json
163 silly gentlyRm /Users/feizheng/github/generator-ushell-module/node_modules/next-js-core2 is being purged from base /Users/feizheng/github/generator-ushell-module
164 verbose gentlyRm don't care about contents; nuking /Users/feizheng/github/generator-ushell-module/node_modules/next-js-core2
165 silly vacuum-fs purging /Users/feizheng/github/generator-ushell-module/node_modules/next-js-core2
166 silly gunzTarPerm extractEntry .npmignore
167 silly gunzTarPerm extractEntry index.js
168 silly gunzTarPerm extractEntry .editorconfig
169 silly gunzTarPerm extractEntry LICENSE.txt
170 silly gunzTarPerm extractEntry README.MD
171 silly gunzTarPerm extractEntry bower.json
172 silly vacuum-fs quitting because other entries in /Users/feizheng/github/generator-ushell-module/node_modules
173 verbose tar unpack /Users/feizheng/.npm/next-js-core2/1.0.15/package.tgz
174 verbose tar unpacking to /Users/feizheng/github/generator-ushell-module/node_modules/next-js-core2
175 silly gentlyRm /Users/feizheng/github/generator-ushell-module/node_modules/next-js-core2 is being purged
176 verbose gentlyRm don't care about contents; nuking /Users/feizheng/github/generator-ushell-module/node_modules/next-js-core2
177 silly gunzTarPerm modes [ '755', '644' ]
178 silly gunzTarPerm extractEntry package.json
179 silly gunzTarPerm extractEntry .npmignore
180 silly gunzTarPerm extractEntry gulpfile.js
181 silly gunzTarPerm extractEntry .editorconfig
182 silly gunzTarPerm extractEntry AMD-SPECIFIC.MD
183 silly gunzTarPerm extractEntry README.MD
184 silly gunzTarPerm extractEntry bower.json
185 silly gunzTarPerm extractEntry dist/next-js-core2.js
186 verbose write writing to /Users/feizheng/github/generator-ushell-module/node_modules/yeoman-generator-helper/package.json
187 silly gunzTarPerm extractEntry dist/next-js-core2.min.js
188 silly gunzTarPerm extractEntry src/amd/Loader.js
189 info preinstall yeoman-generator-helper@0.0.0
190 verbose readDependencies loading dependencies from /Users/feizheng/github/generator-ushell-module/node_modules/yeoman-generator-helper/package.json
191 silly gunzTarPerm extractEntry src/amd/Module.js
192 silly gunzTarPerm extractEntry src/amd/Path.js
193 silly prepareForInstallMany adding next-js-core2@github:afeiship/next-js-core2 from yeoman-generator-helper dependencies
194 verbose readDependencies loading dependencies from /Users/feizheng/github/generator-ushell-module/node_modules/yeoman-generator-helper/package.json
195 silly gunzTarPerm extractEntry src/amd/Status.js
196 silly gunzTarPerm extractEntry src/amd/index.js
197 silly cache add args [ 'next-js-core2@github:afeiship/next-js-core2', null ]
198 verbose cache add spec next-js-core2@github:afeiship/next-js-core2
199 silly gunzTarPerm extractEntry src/core/base.js
200 silly gunzTarPerm extractEntry src/core/event.js
201 silly gunzTarPerm extractEntry src/core/oop-base.js
202 silly cache add parsed spec Result {
202 silly cache add   raw: 'next-js-core2@github:afeiship/next-js-core2',
202 silly cache add   scope: null,
202 silly cache add   name: 'next-js-core2',
202 silly cache add   rawSpec: 'github:afeiship/next-js-core2',
202 silly cache add   spec: 'github:afeiship/next-js-core2',
202 silly cache add   type: 'hosted',
202 silly cache add   hosted:
202 silly cache add    { type: 'github',
202 silly cache add      ssh: 'git@github.com:afeiship/next-js-core2.git',
202 silly cache add      sshUrl: 'git+ssh://git@github.com/afeiship/next-js-core2.git',
202 silly cache add      httpsUrl: 'git+https://github.com/afeiship/next-js-core2.git',
202 silly cache add      gitUrl: 'git://github.com/afeiship/next-js-core2.git',
202 silly cache add      shortcut: 'github:afeiship/next-js-core2',
202 silly cache add      directUrl: 'https://raw.githubusercontent.com/afeiship/next-js-core2/master/package.json' } }
203 verbose addRemoteGit caching github:afeiship/next-js-core2
204 verbose addRemoteGit afeiship/next-js-core2 is a repository hosted by github
205 silly tryGitProto attempting to clone git://github.com/afeiship/next-js-core2.git
206 silly tryClone cloning afeiship/next-js-core2 via git://github.com/afeiship/next-js-core2.git
207 verbose tryClone git-github-com-afeiship-next-js-core2-git-e8cfe7b0 not in flight; caching
208 verbose correctMkdir /Users/feizheng/.npm/_git-remotes correctMkdir not in flight; initializing
209 silly gunzTarPerm extractEntry src/core/oop-define-meta.js
210 info git [ 'config', '--get', 'remote.origin.url' ]
211 silly gunzTarPerm extractEntry src/core/oop.js
212 silly gunzTarPerm extractEntry test/test_oop.js
213 silly gunzTarPerm extractEntry test/amd_bootstrap.js
214 silly gunzTarPerm extractEntry test/html_test_oop.js
215 silly validateExistingRemote afeiship/next-js-core2 remote.origin.url: git://github.com/afeiship/next-js-core2.git
216 verbose validateExistingRemote afeiship/next-js-core2 is updating existing cached remote /Users/feizheng/.npm/_git-remotes/git-github-com-afeiship-next-js-core2-git-e8cfe7b0
217 info git [ 'fetch', '-a', 'origin' ]
218 silly gunzTarPerm extractEntry test/index3_amd.js
219 silly gunzTarPerm extractEntry test/test_amd.js
220 silly gunzTarPerm extractEntry test/test_base.js
221 silly gunzTarPerm extractEntry test/amd3/index.js
222 silly gunzTarPerm extractEntry test/amd3/index2.js
223 silly gunzTarPerm extractEntry test/amd3/module/app.js
224 silly gunzTarPerm extractEntry test/amd3/module/require.js
225 silly gunzTarPerm extractEntry test/amd3/module/require2.js
226 silly gunzTarPerm extractEntry test/amd3/module/controller/mainController.js
227 silly gunzTarPerm extractEntry test/amd3/module/load.html
228 silly gunzTarPerm extractEntry test/amd3/module/load2.html
229 silly gunzTarPerm extractEntry test/amd3/module/model/data.js
230 silly gunzTarPerm extractEntry test/amd3/module/view/view0.js
231 silly gunzTarPerm extractEntry test/test-amd.html
232 silly gunzTarPerm extractEntry test/amd2/Module.js
233 silly gunzTarPerm extractEntry test/amd2/ModuleLoader.js
234 silly gunzTarPerm extractEntry test/amd2/Path.js
235 silly gunzTarPerm extractEntry test/amd2/Status.js
236 silly gunzTarPerm extractEntry test/amd2/index.js
237 silly gunzTarPerm extractEntry test/css/style.css
238 silly gunzTarPerm extractEntry test/test_oop.html
239 silly gunzTarPerm extractEntry test/js/App.js
240 silly gunzTarPerm extractEntry test/js/index-view/View1.js
241 silly gunzTarPerm extractEntry test/js/index-view/View2.js
242 silly gunzTarPerm extractEntry test/js/index-view/View3.js
243 silly gunzTarPerm extractEntry test/js/index-view/index.js
244 silly gunzTarPerm extractEntry test/js/modules/mod1.js
245 silly gunzTarPerm extractEntry test/js/modules/mod2.js
246 verbose write writing to /Users/feizheng/github/generator-ushell-module/node_modules/next-js-core2/package.json
247 info preinstall next-js-core2@1.0.15
248 verbose readDependencies loading dependencies from /Users/feizheng/github/generator-ushell-module/node_modules/next-js-core2/package.json
249 verbose readDependencies loading dependencies from /Users/feizheng/github/generator-ushell-module/node_modules/next-js-core2/package.json
250 silly install resolved []
251 verbose about to build /Users/feizheng/github/generator-ushell-module/node_modules/next-js-core2
252 info build /Users/feizheng/github/generator-ushell-module/node_modules/next-js-core2
253 info linkStuff next-js-core2@1.0.15
254 silly linkStuff next-js-core2@1.0.15 has /Users/feizheng/github/generator-ushell-module/node_modules as its parent node_modules
255 verbose linkBins next-js-core2@1.0.15
256 verbose linkMans next-js-core2@1.0.15
257 verbose rebuildBundles next-js-core2@1.0.15
258 info install next-js-core2@1.0.15
259 info postinstall next-js-core2@1.0.15
260 verbose unlock done using /Users/feizheng/.npm/_locks/next-js-core2-0a9f58ccfca7e1a3.lock for /Users/feizheng/github/generator-ushell-module/node_modules/next-js-core2
261 verbose updateRemote git fetch -a origin (git://github.com/afeiship/next-js-core2.git)
262 verbose correctMkdir /Users/feizheng/.npm/_git-remotes correctMkdir not in flight; initializing
263 verbose setPermissions afeiship/next-js-core2 set permissions on /Users/feizheng/.npm/_git-remotes/git-github-com-afeiship-next-js-core2-git-e8cfe7b0
264 verbose resolveHead afeiship/next-js-core2 original treeish: master
265 info git [ 'rev-list', '-n1', 'master' ]
266 silly resolveHead afeiship/next-js-core2 resolved treeish: 426c130b1fc05cd45a13325669424e1f4e58c429
267 verbose resolveHead afeiship/next-js-core2 resolved Git URL: git://github.com/afeiship/next-js-core2.git#426c130b1fc05cd45a13325669424e1f4e58c429
268 silly resolveHead Git working directory: /var/folders/p8/nyxdmp51067c9sm5qqpws8400000gn/T/npm-27676-a58e29d0/git-cache-c4180484c45a/426c130b1fc05cd45a13325669424e1f4e58c429
269 info git [ 'clone',
269 info git   '/Users/feizheng/.npm/_git-remotes/git-github-com-afeiship-next-js-core2-git-e8cfe7b0',
269 info git   '/var/folders/p8/nyxdmp51067c9sm5qqpws8400000gn/T/npm-27676-a58e29d0/git-cache-c4180484c45a/426c130b1fc05cd45a13325669424e1f4e58c429' ]
270 verbose cloneResolved afeiship/next-js-core2 clone Cloning into '/var/folders/p8/nyxdmp51067c9sm5qqpws8400000gn/T/npm-27676-a58e29d0/git-cache-c4180484c45a/426c130b1fc05cd45a13325669424e1f4e58c429'...
270 verbose cloneResolved done.
271 info git [ 'checkout', '426c130b1fc05cd45a13325669424e1f4e58c429' ]
272 verbose checkoutTreeish afeiship/next-js-core2 checkout Note: checking out '426c130b1fc05cd45a13325669424e1f4e58c429'.
272 verbose checkoutTreeish
272 verbose checkoutTreeish You are in 'detached HEAD' state. You can look around, make experimental
272 verbose checkoutTreeish changes and commit them, and you can discard any commits you make in this
272 verbose checkoutTreeish state without impacting any branches by performing another checkout.
272 verbose checkoutTreeish
272 verbose checkoutTreeish If you want to create a new branch to retain commits you create, you may
272 verbose checkoutTreeish do so (now or later) by using -b with the checkout command again. Example:
272 verbose checkoutTreeish
272 verbose checkoutTreeish   git checkout -b <new-branch-name>
272 verbose checkoutTreeish
272 verbose checkoutTreeish HEAD is now at 426c130... add compact method
273 verbose addLocalDirectory /Users/feizheng/.npm/next-js-core2/1.0.15/package.tgz not in flight; packing
274 verbose correctMkdir /Users/feizheng/.npm correctMkdir not in flight; initializing
275 verbose tar pack [ '/Users/feizheng/.npm/next-js-core2/1.0.15/package.tgz',
275 verbose tar pack   '/var/folders/p8/nyxdmp51067c9sm5qqpws8400000gn/T/npm-27676-a58e29d0/git-cache-c4180484c45a/426c130b1fc05cd45a13325669424e1f4e58c429' ]
276 verbose tarball /Users/feizheng/.npm/next-js-core2/1.0.15/package.tgz
277 verbose folder /var/folders/p8/nyxdmp51067c9sm5qqpws8400000gn/T/npm-27676-a58e29d0/git-cache-c4180484c45a/426c130b1fc05cd45a13325669424e1f4e58c429
278 verbose addLocalTarball adding from inside cache /Users/feizheng/.npm/next-js-core2/1.0.15/package.tgz
279 verbose correctMkdir /Users/feizheng/.npm correctMkdir not in flight; initializing
280 verbose addRemoteGit data._from: afeiship/next-js-core2
281 verbose addRemoteGit data._resolved: git://github.com/afeiship/next-js-core2.git#426c130b1fc05cd45a13325669424e1f4e58c429
282 silly cache afterAdd next-js-core2@1.0.15
283 verbose afterAdd /Users/feizheng/.npm/next-js-core2/1.0.15/package/package.json not in flight; writing
284 verbose correctMkdir /Users/feizheng/.npm correctMkdir not in flight; initializing
285 verbose afterAdd /Users/feizheng/.npm/next-js-core2/1.0.15/package/package.json written
286 silly install resolved [ { name: 'next-js-core2',
286 silly install resolved     version: '1.0.15',
286 silly install resolved     description: 'A javascript OOP toolkit for mobile.',
286 silly install resolved     main: 'dist/next-js-core2.js',
286 silly install resolved     scripts: { test: 'echo "Error: no test specified" && exit 1' },
286 silly install resolved     repository:
286 silly install resolved      { type: 'git',
286 silly install resolved        url: 'git+https://github.com/afeiship/next-js-core2.git' },
286 silly install resolved     keywords: [ 'OOP', 'next' ],
286 silly install resolved     author: { name: 'afei' },
286 silly install resolved     license: 'MIT',
286 silly install resolved     bugs: { url: 'https://github.com/afeiship/next-js-core2/issues' },
286 silly install resolved     homepage: 'https://github.com/afeiship/next-js-core2#readme',
286 silly install resolved     devDependencies:
286 silly install resolved      { amdrequire: '0.0.3',
286 silly install resolved        del: '^2.2.0',
286 silly install resolved        gulp: '^3.9.1',
286 silly install resolved        'gulp-concat': '^2.6.0',
286 silly install resolved        'gulp-filter': '^3.0.1',
286 silly install resolved        'gulp-rename': '^1.2.2',
286 silly install resolved        'gulp-uglify': '^1.5.3',
286 silly install resolved        'gulp-umd': '^0.2.0',
286 silly install resolved        mocha: '^2.4.5' },
286 silly install resolved     gitHead: '426c130b1fc05cd45a13325669424e1f4e58c429',
286 silly install resolved     readme: '##next-js-core2\nA javascript OOP toolkit for mobile.\n\n##install\n+ test:npm install mocha --save-dev\n+ build:npm install gulp del gulp-concat gulp-rename gulp-uglify gulp-umd gulp-filter --save-dev\n\n\n##test\n+ test base:mocha test/test_base.js\n+ test oop:mocha test/test_oop.js\n\n##log:\n+ [2015-12-01]:finish core refactor.\n+ [2016-04-03]:finish node & browser AMD implement.\n\n\n\n',
286 silly install resolved     readmeFilename: 'README.MD',
286 silly install resolved     _id: 'next-js-core2@1.0.15',
286 silly install resolved     _shasum: '5e41c8f117700d962eb627927d79c01f1b53c24e',
286 silly install resolved     _from: 'afeiship/next-js-core2',
286 silly install resolved     _resolved: 'git://github.com/afeiship/next-js-core2.git#426c130b1fc05cd45a13325669424e1f4e58c429' } ]
287 info install next-js-core2@1.0.15 into /Users/feizheng/github/generator-ushell-module/node_modules/yeoman-generator-helper
288 info installOne next-js-core2@1.0.15
289 verbose installOne of next-js-core2 to /Users/feizheng/github/generator-ushell-module/node_modules/yeoman-generator-helper not in flight; installing
290 verbose correctMkdir /Users/feizheng/.npm/_locks correctMkdir not in flight; initializing
291 verbose lock using /Users/feizheng/.npm/_locks/next-js-core2-e11ecdfc965c0348.lock for /Users/feizheng/github/generator-ushell-module/node_modules/yeoman-generator-helper/node_modules/next-js-core2
292 silly install write writing next-js-core2 1.0.15 to /Users/feizheng/github/generator-ushell-module/node_modules/yeoman-generator-helper/node_modules/next-js-core2
293 verbose unbuild node_modules/yeoman-generator-helper/node_modules/next-js-core2
294 silly gentlyRm /Users/feizheng/github/generator-ushell-module/node_modules/yeoman-generator-helper/node_modules/next-js-core2 is being purged from base /Users/feizheng/github/generator-ushell-module
295 verbose gentlyRm don't care about contents; nuking /Users/feizheng/github/generator-ushell-module/node_modules/yeoman-generator-helper/node_modules/next-js-core2
296 verbose tar unpack /Users/feizheng/.npm/next-js-core2/1.0.15/package.tgz
297 verbose tar unpacking to /Users/feizheng/github/generator-ushell-module/node_modules/yeoman-generator-helper/node_modules/next-js-core2
298 silly gentlyRm /Users/feizheng/github/generator-ushell-module/node_modules/yeoman-generator-helper/node_modules/next-js-core2 is being purged
299 verbose gentlyRm don't care about contents; nuking /Users/feizheng/github/generator-ushell-module/node_modules/yeoman-generator-helper/node_modules/next-js-core2
300 silly gunzTarPerm modes [ '755', '644' ]
301 silly gunzTarPerm extractEntry package.json
302 silly gunzTarPerm extractEntry .npmignore
303 silly gunzTarPerm extractEntry gulpfile.js
304 silly gunzTarPerm extractEntry .editorconfig
305 silly gunzTarPerm extractEntry AMD-SPECIFIC.MD
306 silly gunzTarPerm extractEntry README.MD
307 silly gunzTarPerm extractEntry bower.json
308 silly gunzTarPerm extractEntry dist/next-js-core2.js
309 silly gunzTarPerm extractEntry dist/next-js-core2.min.js
310 silly gunzTarPerm extractEntry src/amd/Loader.js
311 silly gunzTarPerm extractEntry src/amd/Module.js
312 silly gunzTarPerm extractEntry src/amd/Path.js
313 silly gunzTarPerm extractEntry src/amd/Status.js
314 silly gunzTarPerm extractEntry src/amd/index.js
315 silly gunzTarPerm extractEntry src/core/base.js
316 silly gunzTarPerm extractEntry src/core/event.js
317 silly gunzTarPerm extractEntry src/core/oop-base.js
318 silly gunzTarPerm extractEntry src/core/oop-define-meta.js
319 silly gunzTarPerm extractEntry src/core/oop.js
320 silly gunzTarPerm extractEntry test/test_oop.js
321 silly gunzTarPerm extractEntry test/amd_bootstrap.js
322 silly gunzTarPerm extractEntry test/html_test_oop.js
323 silly gunzTarPerm extractEntry test/index3_amd.js
324 silly gunzTarPerm extractEntry test/test_amd.js
325 silly gunzTarPerm extractEntry test/test_base.js
326 silly gunzTarPerm extractEntry test/amd3/index.js
327 silly gunzTarPerm extractEntry test/amd3/index2.js
328 silly gunzTarPerm extractEntry test/amd3/module/app.js
329 silly gunzTarPerm extractEntry test/amd3/module/require.js
330 silly gunzTarPerm extractEntry test/amd3/module/require2.js
331 silly gunzTarPerm extractEntry test/amd3/module/controller/mainController.js
332 silly gunzTarPerm extractEntry test/amd3/module/load.html
333 silly gunzTarPerm extractEntry test/amd3/module/load2.html
334 silly gunzTarPerm extractEntry test/amd3/module/model/data.js
335 silly gunzTarPerm extractEntry test/amd3/module/view/view0.js
336 silly gunzTarPerm extractEntry test/test-amd.html
337 silly gunzTarPerm extractEntry test/amd2/Module.js
338 silly gunzTarPerm extractEntry test/amd2/ModuleLoader.js
339 silly gunzTarPerm extractEntry test/amd2/Path.js
340 silly gunzTarPerm extractEntry test/amd2/Status.js
341 silly gunzTarPerm extractEntry test/amd2/index.js
342 silly gunzTarPerm extractEntry test/css/style.css
343 silly gunzTarPerm extractEntry test/test_oop.html
344 silly gunzTarPerm extractEntry test/js/App.js
345 silly gunzTarPerm extractEntry test/js/index-view/View1.js
346 silly gunzTarPerm extractEntry test/js/index-view/View2.js
347 silly gunzTarPerm extractEntry test/js/index-view/View3.js
348 silly gunzTarPerm extractEntry test/js/index-view/index.js
349 silly gunzTarPerm extractEntry test/js/modules/mod1.js
350 silly gunzTarPerm extractEntry test/js/modules/mod2.js
351 verbose write writing to /Users/feizheng/github/generator-ushell-module/node_modules/yeoman-generator-helper/node_modules/next-js-core2/package.json
352 info preinstall next-js-core2@1.0.15
353 verbose readDependencies loading dependencies from /Users/feizheng/github/generator-ushell-module/node_modules/yeoman-generator-helper/node_modules/next-js-core2/package.json
354 verbose readDependencies loading dependencies from /Users/feizheng/github/generator-ushell-module/node_modules/yeoman-generator-helper/node_modules/next-js-core2/package.json
355 silly install resolved []
356 verbose about to build /Users/feizheng/github/generator-ushell-module/node_modules/yeoman-generator-helper/node_modules/next-js-core2
357 info build /Users/feizheng/github/generator-ushell-module/node_modules/yeoman-generator-helper/node_modules/next-js-core2
358 info linkStuff next-js-core2@1.0.15
359 silly linkStuff next-js-core2@1.0.15 has /Users/feizheng/github/generator-ushell-module/node_modules/yeoman-generator-helper/node_modules as its parent node_modules
360 verbose linkBins next-js-core2@1.0.15
361 verbose linkMans next-js-core2@1.0.15
362 verbose rebuildBundles next-js-core2@1.0.15
363 info install next-js-core2@1.0.15
364 info postinstall next-js-core2@1.0.15
365 verbose unlock done using /Users/feizheng/.npm/_locks/next-js-core2-e11ecdfc965c0348.lock for /Users/feizheng/github/generator-ushell-module/node_modules/yeoman-generator-helper/node_modules/next-js-core2
366 verbose about to build /Users/feizheng/github/generator-ushell-module/node_modules/yeoman-generator-helper
367 info build /Users/feizheng/github/generator-ushell-module/node_modules/yeoman-generator-helper
368 info linkStuff yeoman-generator-helper@0.0.0
369 silly linkStuff yeoman-generator-helper@0.0.0 has /Users/feizheng/github/generator-ushell-module/node_modules as its parent node_modules
370 verbose linkBins yeoman-generator-helper@0.0.0
371 verbose linkMans yeoman-generator-helper@0.0.0
372 verbose rebuildBundles yeoman-generator-helper@0.0.0
373 verbose rebuildBundles [ 'next-js-core2' ]
374 info install yeoman-generator-helper@0.0.0
375 info postinstall yeoman-generator-helper@0.0.0
376 verbose unlock done using /Users/feizheng/.npm/_locks/yeoman-generator-helper-926a82ede845c358.lock for /Users/feizheng/github/generator-ushell-module/node_modules/yeoman-generator-helper
377 info build /Users/feizheng/github/generator-ushell-module
378 info linkStuff generator-ushell-module@0.0.0
379 silly linkStuff generator-ushell-module@0.0.0 has /Users/feizheng/github as its parent node_modules
380 verbose linkBins generator-ushell-module@0.0.0
381 verbose linkMans generator-ushell-module@0.0.0
382 verbose rebuildBundles generator-ushell-module@0.0.0
383 verbose rebuildBundles [ '.bin',
383 verbose rebuildBundles   'chalk',
383 verbose rebuildBundles   'eslint',
383 verbose rebuildBundles   'eslint-config-xo-space',
383 verbose rebuildBundles   'gulp',
383 verbose rebuildBundles   'gulp-eslint',
383 verbose rebuildBundles   'gulp-exclude-gitignore',
383 verbose rebuildBundles   'gulp-istanbul',
383 verbose rebuildBundles   'gulp-line-ending-corrector',
383 verbose rebuildBundles   'gulp-mocha',
383 verbose rebuildBundles   'gulp-nsp',
383 verbose rebuildBundles   'gulp-plumber',
383 verbose rebuildBundles   'next-js-core2',
383 verbose rebuildBundles   'yeoman-assert',
383 verbose rebuildBundles   'yeoman-generator',
383 verbose rebuildBundles   'yeoman-generator-helper',
383 verbose rebuildBundles   'yeoman-test',
383 verbose rebuildBundles   'yosay' ]
384 info install generator-ushell-module@0.0.0
385 info postinstall generator-ushell-module@0.0.0
386 info prepublish generator-ushell-module@0.0.0
387 verbose unsafe-perm in lifecycle true
388 info generator-ushell-module@0.0.0 Failed to exec prepublish script
389 verbose stack Error: generator-ushell-module@0.0.0 prepublish: `gulp prepublish`
389 verbose stack Exit status 1
389 verbose stack     at EventEmitter.<anonymous> (/usr/local/lib/node_modules/npm/lib/utils/lifecycle.js:217:16)
389 verbose stack     at emitTwo (events.js:87:13)
389 verbose stack     at EventEmitter.emit (events.js:172:7)
389 verbose stack     at ChildProcess.<anonymous> (/usr/local/lib/node_modules/npm/lib/utils/spawn.js:24:14)
389 verbose stack     at emitTwo (events.js:87:13)
389 verbose stack     at ChildProcess.emit (events.js:172:7)
389 verbose stack     at maybeClose (internal/child_process.js:827:16)
389 verbose stack     at Process.ChildProcess._handle.onexit (internal/child_process.js:211:5)
390 verbose pkgid generator-ushell-module@0.0.0
391 verbose cwd /Users/feizheng/github/generator-ushell-module
392 error Darwin 15.5.0
393 error argv "/usr/local/bin/node" "/usr/local/bin/npm" "install"
394 error node v4.4.7
395 error npm  v2.15.8
396 error code ELIFECYCLE
397 error generator-ushell-module@0.0.0 prepublish: `gulp prepublish`
397 error Exit status 1
398 error Failed at the generator-ushell-module@0.0.0 prepublish script 'gulp prepublish'.
398 error This is most likely a problem with the generator-ushell-module package,
398 error not with npm itself.
398 error Tell the author that this fails on your system:
398 error     gulp prepublish
398 error You can get information on how to open an issue for this project with:
398 error     npm bugs generator-ushell-module
398 error Or if that isn't available, you can get their info via:
398 error
398 error     npm owner ls generator-ushell-module
398 error There is likely additional logging output above.
399 verbose exit [ 1, true ]
